<?xml version="1.0" encoding="UTF-8"?>
<!-- Generated by org.testng.reporters.JUnitReportReporter -->
<testsuite hostname="Iniyavans-MacBook-Air.local" failures="0" tests="1" name="main.main" time="245.666" errors="0" timestamp="2023-06-09T15:28:54 IST" skipped="0">
  <testcase classname="main.main" name="test" time="245.666"/>
  <system-out/>
</testsuite> <!-- main.main -->
